<?xml version="1.0" encoding="UTF-8"?>
<!-- Generated by org.testng.reporters.JUnitReportReporter -->
<testsuite hostname="DESKTOP-QTCI61E" failures="0" tests="1" name="com.comcast.orgtest.CreateOrganizationTest" time="40.235" errors="0" timestamp="2025-04-24T14:39:29 IST" skipped="0">
  <testcase classname="com.comcast.orgtest.CreateOrganizationTest" name="createOrganization" time="40.235"/>
</testsuite> <!-- com.comcast.orgtest.CreateOrganizationTest -->
