<?xml version="1.0" encoding="UTF-8"?>
<!-- Generated by org.testng.reporters.JUnitReportReporter -->
<testsuite hostname="DESKTOP-QTCI61E" failures="0" tests="2" name="practice.hometest.HomePageVerificationTest" time="20.041" errors="0" timestamp="2025-04-24T16:32:10 IST" skipped="0">
  <testcase classname="practice.hometest.HomePageVerificationTest" name="VerifyLogoHomePageTest" time="10.713"/>
  <testcase classname="practice.hometest.HomePageVerificationTest" name="homepage" time="9.328"/>
</testsuite> <!-- practice.hometest.HomePageVerificationTest -->
