<?xml version="1.0" encoding="UTF-8"?>
<!-- Generated by org.testng.reporters.JUnitReportReporter -->
<testsuite hostname="DESKTOP-QTCI61E" failures="0" tests="1" name="com.comcast.crm.contacttest.DemoTest" time="52.269" errors="0" timestamp="2025-04-24T10:06:28 IST" skipped="0">
  <testcase classname="com.comcast.crm.contacttest.DemoTest" name="demo1" time="52.269"/>
</testsuite> <!-- com.comcast.crm.contacttest.DemoTest -->
